<?xml version="1.0" encoding="UTF-8"?>
<testsuite xmlns:xsi="http://www.w3.org/2001/XMLSchema-instance" xsi:noNamespaceSchemaLocation="https://maven.apache.org/surefire/maven-surefire-plugin/xsd/surefire-test-report-3.0.xsd" version="3.0" name="com.javatechie.InventoryServiceApplicationTests" time="7.027" tests="1" errors="0" skipped="0" failures="0">
  <properties>
[...]
</properties>
  <testcase name="contextLoads" classname="com.javatechie.InventoryServiceApplicationTests" time="0.51">
    <system-out><![CDATA[07:31:08.799 [main] INFO org.springframework.test.context.support.AnnotationConfigContextLoaderUtils -- Could not detect default configuration classes for test class [com.javatechie.InventoryServiceApplicationTests]: InventoryServiceApplicationTests does not declare any static, non-private, non-final, nested classes annotated with @Configuration.
07:31:08.922 [main] INFO org.springframework.boot.test.context.SpringBootTestContextBootstrapper -- Found @SpringBootConfiguration com.javatechie.InventoryServiceApplication for test class com.javatechie.InventoryServiceApplicationTests
  .   ____          _            __ _ _
 /\\ / ___'_ __ _ _(_)_ __  __ _ \ \ \ \
( ( )\___ | '_ | '_| | '_ \/ _` | \ \ \ \
 \\/  ___)| |_)| | | | | || (_| |  ) ) ) )
  '  |____| .__|_| |_|_| |_\__, | / / / /
 =========|_|==============|___/=/_/_/_/

 :: Spring Boot ::                (v3.3.0)

2024-06-26T07:31:09.462+05:30  INFO 13516 --- [inventory-service] [           main] c.j.InventoryServiceApplicationTests     : Starting InventoryServiceApplicationTests using Java 17.0.7 with PID 13516 (started by kuruva rajalingadu in E:\Springgraphqlworkspace\spring-graphql-main)
2024-06-26T07:31:09.465+05:30  INFO 13516 --- [inventory-service] [           main] c.j.InventoryServiceApplicationTests     : No active profile set, falling back to 1 default profile: "default"
2024-06-26T07:31:10.347+05:30  INFO 13516 --- [inventory-service] [           main] .s.d.r.c.RepositoryConfigurationDelegate : Bootstrapping Spring Data JPA repositories in DEFAULT mode.
2024-06-26T07:31:10.517+05:30  INFO 13516 --- [inventory-service] [           main] .s.d.r.c.RepositoryConfigurationDelegate : Finished Spring Data repository scanning in 159 ms. Found 1 JPA repository interface.
2024-06-26T07:31:11.111+05:30  INFO 13516 --- [inventory-service] [           main] o.hibernate.jpa.internal.util.LogHelper  : HHH000204: Processing PersistenceUnitInfo [name: default]
2024-06-26T07:31:11.208+05:30  INFO 13516 --- [inventory-service] [           main] org.hibernate.Version                    : HHH000412: Hibernate ORM core version 6.5.2.Final
2024-06-26T07:31:11.260+05:30  INFO 13516 --- [inventory-service] [           main] o.h.c.internal.RegionFactoryInitiator    : HHH000026: Second-level cache disabled
2024-06-26T07:31:11.723+05:30  INFO 13516 --- [inventory-service] [           main] o.s.o.j.p.SpringPersistenceUnitInfo      : No LoadTimeWeaver setup: ignoring JPA class transformer
2024-06-26T07:31:11.763+05:30  INFO 13516 --- [inventory-service] [           main] com.zaxxer.hikari.HikariDataSource       : HikariPool-1 - Starting...
2024-06-26T07:31:12.219+05:30  INFO 13516 --- [inventory-service] [           main] com.zaxxer.hikari.pool.HikariPool        : HikariPool-1 - Added connection com.mysql.cj.jdbc.ConnectionImpl@53e28097
2024-06-26T07:31:12.222+05:30  INFO 13516 --- [inventory-service] [           main] com.zaxxer.hikari.HikariDataSource       : HikariPool-1 - Start completed.
2024-06-26T07:31:12.273+05:30  WARN 13516 --- [inventory-service] [           main] org.hibernate.orm.deprecation            : HHH90000025: MySQLDialect does not need to be specified explicitly using 'hibernate.dialect' (remove the property setting and it will be selected by default)
2024-06-26T07:31:13.274+05:30  INFO 13516 --- [inventory-service] [           main] o.h.e.t.j.p.i.JtaPlatformInitiator       : HHH000489: No JTA platform available (set 'hibernate.transaction.jta.platform' to enable JTA platform integration)
Hibernate: create table prodcut_infotble (id integer not null auto_increment, category varchar(255), name varchar(255), price float(23), stock integer, primary key (id)) engine=InnoDB
2024-06-26T07:31:13.441+05:30  INFO 13516 --- [inventory-service] [           main] j.LocalContainerEntityManagerFactoryBean : Initialized JPA EntityManagerFactory for persistence unit 'default'
2024-06-26T07:31:14.088+05:30  WARN 13516 --- [inventory-service] [           main] JpaBaseConfiguration$JpaWebConfiguration : spring.jpa.open-in-view is enabled by default. Therefore, database queries may be performed during view rendering. Explicitly configure spring.jpa.open-in-view to disable this warning
2024-06-26T07:31:14.583+05:30  INFO 13516 --- [inventory-service] [           main] efaultSchemaResourceGraphQlSourceBuilder : Loaded 1 resource(s) in the GraphQL schema.
2024-06-26T07:31:14.863+05:30  INFO 13516 --- [inventory-service] [           main] o.s.b.a.g.GraphQlAutoConfiguration       : GraphQL schema inspection:
	Unmapped fields: {}
	Unmapped registrations: {}
	Unmapped arguments: {}
	Skipped types: []
2024-06-26T07:31:14.899+05:30  INFO 13516 --- [inventory-service] [           main] s.b.a.g.s.GraphQlWebMvcAutoConfiguration : GraphQL endpoint HTTP POST /graphql
2024-06-26T07:31:15.100+05:30  INFO 13516 --- [inventory-service] [           main] c.j.InventoryServiceApplicationTests     : Started InventoryServiceApplicationTests in 5.951 seconds (process running for 7.122)
]]></system-out>
  </testcase>
</testsuite>